10-7-2024 14:33:31 - log: Load engine in /Applications/Cocos/Creator/3.8.3/CocosCreator.app/Contents/Resources/resources/3d/engine
10-7-2024 14:33:32 - log: Profile changed: engine (modules.includeModules: 2d,animation,audio,base,dragon-bones,gfx-webgl,gfx-webgl2,intersection-2d,meshopt,particle-2d,physics-2d-box2d,profiler,spine,tiled-map,tween,ui,video,webview)
10-7-2024 14:33:32 - log: Register native engine in /Applications/Cocos/Creator/3.8.3/CocosCreator.app/Contents/Resources/resources/3d/engine/native
10-7-2024 14:33:32 - log: Request namespace: device-list
10-7-2024 14:33:39 - log: [Scene] meshopt wasm decoder initialized
10-7-2024 14:33:39 - log: [Scene] [box2d]:box2d wasm lib loaded.
10-7-2024 14:33:40 - log: [Scene] [bullet]:bullet wasm lib loaded.
10-7-2024 14:33:40 - log: [Scene] [PHYSICS]: using builtin.
10-7-2024 14:33:40 - log: [Scene] Cocos Creator v3.8.3
10-7-2024 14:33:40 - info: [Scene] Forward render pipeline initialized.
10-7-2024 14:33:40 - log: [Scene] [PHYSICS2D]: switch from box2d-wasm to box2d.
10-7-2024 14:42:09 - warn: [Assets] Please set the application in {preferences} -> {program} -> {scriptEditor} to better open the script[Assets] Please set the application in {preferences} -> {program} -> {scriptEditor} to better open the script  
at Object.warn (/Applications/Cocos/Creator/3.8.3/CocosCreator.app/Contents/Resources/app.asar/builtin/asset-db/dist/worker/console.ccc:1:1510)  
at findVsCode (/Applications/Cocos/Creator/3.8.3/CocosCreator.app/Contents/Resources/app.asar/modules/engine-extensions/extensions/engine-extends/dist/handler/utils.ccc:1:3509)  
at Object.openCode [as open] (/Applications/Cocos/Creator/3.8.3/CocosCreator.app/Contents/Resources/app.asar/modules/engine-extensions/extensions/engine-extends/dist/handler/utils.ccc:1:3274)  
at Ipc.<anonymous> (/Applications/Cocos/Creator/3.8.3/CocosCreator.app/Contents/Resources/app.asar/builtin/asset-db/dist/worker/ipc.ccc:1:526)
10-7-2024 14:42:09 - error: [Assets] Invalid URLError: Invalid URL
    at Object.openCode [as open] (/Applications/Cocos/Creator/3.8.3/CocosCreator.app/Contents/Resources/app.asar/modules/engine-extensions/extensions/engine-extends/dist/handler/utils.ccc:1:3410)
    at Ipc.<anonymous> (/Applications/Cocos/Creator/3.8.3/CocosCreator.app/Contents/Resources/app.asar/builtin/asset-db/dist/worker/ipc.ccc:1:526)
10-7-2024 14:42:09 - error: [Assets] Invalid URLError: Invalid URL
    at Object.openCode [as open] (/Applications/Cocos/Creator/3.8.3/CocosCreator.app/Contents/Resources/app.asar/modules/engine-extensions/extensions/engine-extends/dist/handler/utils.ccc:1:3410)
    at Ipc.<anonymous> (/Applications/Cocos/Creator/3.8.3/CocosCreator.app/Contents/Resources/app.asar/builtin/asset-db/dist/worker/ipc.ccc:1:526)
10-7-2024 14:54:42 - warn: [Assets] Please set the application in {preferences} -> {program} -> {scriptEditor} to better open the script[Assets] Please set the application in {preferences} -> {program} -> {scriptEditor} to better open the script  
at Object.warn (/Applications/Cocos/Creator/3.8.3/CocosCreator.app/Contents/Resources/app.asar/builtin/asset-db/dist/worker/console.ccc:1:1510)  
at findVsCode (/Applications/Cocos/Creator/3.8.3/CocosCreator.app/Contents/Resources/app.asar/modules/engine-extensions/extensions/engine-extends/dist/handler/utils.ccc:1:3509)  
at Object.openCode [as open] (/Applications/Cocos/Creator/3.8.3/CocosCreator.app/Contents/Resources/app.asar/modules/engine-extensions/extensions/engine-extends/dist/handler/utils.ccc:1:3274)  
at Ipc.<anonymous> (/Applications/Cocos/Creator/3.8.3/CocosCreator.app/Contents/Resources/app.asar/builtin/asset-db/dist/worker/ipc.ccc:1:526)
10-7-2024 14:54:42 - error: [Assets] Invalid URLError: Invalid URL
    at Object.openCode [as open] (/Applications/Cocos/Creator/3.8.3/CocosCreator.app/Contents/Resources/app.asar/modules/engine-extensions/extensions/engine-extends/dist/handler/utils.ccc:1:3410)
    at Ipc.<anonymous> (/Applications/Cocos/Creator/3.8.3/CocosCreator.app/Contents/Resources/app.asar/builtin/asset-db/dist/worker/ipc.ccc:1:526)
10-7-2024 14:54:42 - error: [Assets] Invalid URLError: Invalid URL
    at Object.openCode [as open] (/Applications/Cocos/Creator/3.8.3/CocosCreator.app/Contents/Resources/app.asar/modules/engine-extensions/extensions/engine-extends/dist/handler/utils.ccc:1:3410)
    at Ipc.<anonymous> (/Applications/Cocos/Creator/3.8.3/CocosCreator.app/Contents/Resources/app.asar/builtin/asset-db/dist/worker/ipc.ccc:1:526)
10-7-2024 14:54:43 - warn: [Assets] Please set the application in {preferences} -> {program} -> {scriptEditor} to better open the script[Assets] Please set the application in {preferences} -> {program} -> {scriptEditor} to better open the script  
at Object.warn (/Applications/Cocos/Creator/3.8.3/CocosCreator.app/Contents/Resources/app.asar/builtin/asset-db/dist/worker/console.ccc:1:1510)  
at findVsCode (/Applications/Cocos/Creator/3.8.3/CocosCreator.app/Contents/Resources/app.asar/modules/engine-extensions/extensions/engine-extends/dist/handler/utils.ccc:1:3509)  
at Object.openCode [as open] (/Applications/Cocos/Creator/3.8.3/CocosCreator.app/Contents/Resources/app.asar/modules/engine-extensions/extensions/engine-extends/dist/handler/utils.ccc:1:3274)  
at Ipc.<anonymous> (/Applications/Cocos/Creator/3.8.3/CocosCreator.app/Contents/Resources/app.asar/builtin/asset-db/dist/worker/ipc.ccc:1:526)
10-7-2024 14:54:43 - error: [Assets] Invalid URLError: Invalid URL
    at Object.openCode [as open] (/Applications/Cocos/Creator/3.8.3/CocosCreator.app/Contents/Resources/app.asar/modules/engine-extensions/extensions/engine-extends/dist/handler/utils.ccc:1:3410)
    at Ipc.<anonymous> (/Applications/Cocos/Creator/3.8.3/CocosCreator.app/Contents/Resources/app.asar/builtin/asset-db/dist/worker/ipc.ccc:1:526)
10-7-2024 14:54:43 - error: [Assets] Invalid URLError: Invalid URL
    at Object.openCode [as open] (/Applications/Cocos/Creator/3.8.3/CocosCreator.app/Contents/Resources/app.asar/modules/engine-extensions/extensions/engine-extends/dist/handler/utils.ccc:1:3410)
    at Ipc.<anonymous> (/Applications/Cocos/Creator/3.8.3/CocosCreator.app/Contents/Resources/app.asar/builtin/asset-db/dist/worker/ipc.ccc:1:526)
10-7-2024 14:54:44 - warn: [Assets] Please set the application in {preferences} -> {program} -> {scriptEditor} to better open the script[Assets] Please set the application in {preferences} -> {program} -> {scriptEditor} to better open the script  
at Object.warn (/Applications/Cocos/Creator/3.8.3/CocosCreator.app/Contents/Resources/app.asar/builtin/asset-db/dist/worker/console.ccc:1:1510)  
at findVsCode (/Applications/Cocos/Creator/3.8.3/CocosCreator.app/Contents/Resources/app.asar/modules/engine-extensions/extensions/engine-extends/dist/handler/utils.ccc:1:3509)  
at Object.openCode [as open] (/Applications/Cocos/Creator/3.8.3/CocosCreator.app/Contents/Resources/app.asar/modules/engine-extensions/extensions/engine-extends/dist/handler/utils.ccc:1:3274)  
at Ipc.<anonymous> (/Applications/Cocos/Creator/3.8.3/CocosCreator.app/Contents/Resources/app.asar/builtin/asset-db/dist/worker/ipc.ccc:1:526)
10-7-2024 14:54:44 - error: [Assets] Invalid URLError: Invalid URL
    at Object.openCode [as open] (/Applications/Cocos/Creator/3.8.3/CocosCreator.app/Contents/Resources/app.asar/modules/engine-extensions/extensions/engine-extends/dist/handler/utils.ccc:1:3410)
    at Ipc.<anonymous> (/Applications/Cocos/Creator/3.8.3/CocosCreator.app/Contents/Resources/app.asar/builtin/asset-db/dist/worker/ipc.ccc:1:526)
10-7-2024 14:54:44 - error: [Assets] Invalid URLError: Invalid URL
    at Object.openCode [as open] (/Applications/Cocos/Creator/3.8.3/CocosCreator.app/Contents/Resources/app.asar/modules/engine-extensions/extensions/engine-extends/dist/handler/utils.ccc:1:3410)
    at Ipc.<anonymous> (/Applications/Cocos/Creator/3.8.3/CocosCreator.app/Contents/Resources/app.asar/builtin/asset-db/dist/worker/ipc.ccc:1:526)
10-7-2024 15:04:51 - info: [PreviewInEditor] preview process is ready
10-7-2024 15:04:51 - log: [PreviewInEditor] meshopt wasm decoder initialized
10-7-2024 15:04:51 - log: [PreviewInEditor] [box2d]:box2d wasm lib loaded.
10-7-2024 15:04:51 - log: [PreviewInEditor] [bullet]:bullet wasm lib loaded.
10-7-2024 15:04:51 - log: [PreviewInEditor] [PHYSICS]: using builtin.
10-7-2024 15:04:52 - log: [PreviewInEditor] Cocos Creator v3.8.3
10-7-2024 15:04:52 - info: [PreviewInEditor] Forward render pipeline initialized.
10-7-2024 15:04:52 - log: [PreviewInEditor] [PHYSICS2D]: switch from box2d-wasm to box2d.
10-7-2024 15:04:56 - info: [PreviewInEditor] preview process is ready
10-7-2024 15:07:11 - log: [PreviewInEditor] meshopt wasm decoder initialized
10-7-2024 15:07:12 - log: [PreviewInEditor] [box2d]:box2d wasm lib loaded.
10-7-2024 15:07:12 - log: [PreviewInEditor] [bullet]:bullet wasm lib loaded.
10-7-2024 15:07:12 - log: [PreviewInEditor] [PHYSICS]: using builtin.
10-7-2024 15:07:12 - log: [PreviewInEditor] Cocos Creator v3.8.3
10-7-2024 15:07:12 - info: [PreviewInEditor] Forward render pipeline initialized.
10-7-2024 15:07:12 - log: [PreviewInEditor] [PHYSICS2D]: switch from box2d-wasm to box2d.
10-7-2024 15:08:06 - info: [PreviewInEditor] preview process is ready
10-7-2024 15:10:59 - log: [PreviewInEditor] meshopt wasm decoder initialized
10-7-2024 15:10:59 - log: [PreviewInEditor] [box2d]:box2d wasm lib loaded.
10-7-2024 15:10:59 - log: [PreviewInEditor] [bullet]:bullet wasm lib loaded.
10-7-2024 15:10:59 - log: [PreviewInEditor] [PHYSICS]: using builtin.
10-7-2024 15:10:59 - log: [PreviewInEditor] Cocos Creator v3.8.3
10-7-2024 15:10:59 - info: [PreviewInEditor] Forward render pipeline initialized.
10-7-2024 15:11:00 - log: [PreviewInEditor] [PHYSICS2D]: switch from box2d-wasm to box2d.
