00:50:52 debug: 2024/10/13上午12:50:52
00:50:52 debug: Project: /Users/zqlwmatt/project/cocos/PlaneFlight
00:50:52 debug: Targets: editor,preview
00:50:52 debug: Incremental file seems great.
00:50:52 debug: Engine path: /Applications/Cocos/Creator/3.8.3/CocosCreator.app/Contents/Resources/resources/3d/engine
00:50:52 debug: Initializing target [Editor]
00:50:52 debug: Loading cache
00:50:52 debug: Loading cache costs 1.053834080696106ms.
00:50:52 debug: Engine features shipped in editor: base,gfx-webgl,gfx-webgl2,gfx-empty,3d,animation,skeletal-animation,2d,ui,particle,particle-2d,physics-framework,physics-2d-framework,physics-2d-box2d-wasm,intersection-2d,primitive,profiler,occlusion-query,geometry-renderer,debug-renderer,audio,video,xr,light-probe,terrain,webview,tween,tiled-map,spine,dragon-bones,marionette,procedural-animation,custom-pipeline,websocket,websocket-server,meshopt
00:50:52 debug: Our import map(foo:/bar): {
  "imports": {
    "cc": "cce:/internal/x/cc"
  }
}
00:50:52 debug: Initializing target [Preview]
00:50:52 debug: Loading cache
00:50:52 debug: Loading cache costs 1.0180408954620361ms.
00:50:52 debug: Our import map(foo:/bar): {
  "imports": {
    "cc": "cce:/internal/x/cc"
  }
}
00:50:52 debug: Sync engine features: 2d,animation,audio,base,dragon-bones,gfx-webgl,gfx-webgl2,intersection-2d,meshopt,particle-2d,physics-2d-box2d,profiler,spine,tiled-map,tween,ui,video,webview
00:50:52 debug: Reset databases. Enumerated domains: [
  {
    "root": "db://internal/",
    "physical": "/Applications/Cocos/Creator/3.8.3/CocosCreator.app/Contents/Resources/resources/3d/engine/editor/assets"
  },
  {
    "root": "db://assets/",
    "physical": "/Users/zqlwmatt/project/cocos/PlaneFlight/assets"
  }
]
00:50:52 debug: Our import map(foo:/bar): {
  "imports": {
    "cc": "cce:/internal/x/cc",
    "db://internal/": "file:///Applications/Cocos/Creator/3.8.3/CocosCreator.app/Contents/Resources/resources/3d/engine/editor/assets/",
    "db://assets/": "file:///Users/zqlwmatt/project/cocos/PlaneFlight/assets/"
  }
}
00:50:52 debug: Our import map(foo:/bar): {
  "imports": {
    "cc": "cce:/internal/x/cc",
    "db://internal/": "file:///Applications/Cocos/Creator/3.8.3/CocosCreator.app/Contents/Resources/resources/3d/engine/editor/assets/",
    "db://assets/": "file:///Users/zqlwmatt/project/cocos/PlaneFlight/assets/"
  }
}
00:50:52 debug: Pulling asset-db.
00:50:52 debug: Fetch asset-db cost: 2.8324170112609863ms.
00:50:52 debug: Build iteration starts.
Number of accumulated asset changes: 12
Feature changed: false
00:50:52 debug: Target(editor) build started.
00:50:52 debug: Detected change: cce:/internal/x/cc. Last mtime: Thu Jan 01 1970 08:00:07 GMT+0800 (中国标准时间), Current mtime: Thu Jan 01 1970 08:00:07 GMT+0800 (中国标准时间)
00:50:52 debug: Inspect cce:/internal/x/cc
00:50:52 debug: Resolve cce:/internal/x/cc-fu/base from cce:/internal/x/cc as external dependency cce:/internal/x/cc-fu/base.
00:50:52 debug: Resolve cce:/internal/x/cc-fu/gfx-webgl from cce:/internal/x/cc as external dependency cce:/internal/x/cc-fu/gfx-webgl.
00:50:52 debug: Resolve cce:/internal/x/cc-fu/gfx-webgl2 from cce:/internal/x/cc as external dependency cce:/internal/x/cc-fu/gfx-webgl2.
00:50:52 debug: Resolve cce:/internal/x/cc-fu/gfx-empty from cce:/internal/x/cc as external dependency cce:/internal/x/cc-fu/gfx-empty.
00:50:52 debug: Resolve cce:/internal/x/cc-fu/3d from cce:/internal/x/cc as external dependency cce:/internal/x/cc-fu/3d.
00:50:52 debug: Resolve cce:/internal/x/cc-fu/animation from cce:/internal/x/cc as external dependency cce:/internal/x/cc-fu/animation.
00:50:52 debug: Resolve cce:/internal/x/cc-fu/skeletal-animation from cce:/internal/x/cc as external dependency cce:/internal/x/cc-fu/skeletal-animation.
00:50:52 debug: Resolve cce:/internal/x/cc-fu/2d from cce:/internal/x/cc as external dependency cce:/internal/x/cc-fu/2d.
00:50:52 debug: Resolve cce:/internal/x/cc-fu/sorting from cce:/internal/x/cc as external dependency cce:/internal/x/cc-fu/sorting.
00:50:52 debug: Resolve cce:/internal/x/cc-fu/ui from cce:/internal/x/cc as external dependency cce:/internal/x/cc-fu/ui.
00:50:52 debug: Resolve cce:/internal/x/cc-fu/particle from cce:/internal/x/cc as external dependency cce:/internal/x/cc-fu/particle.
00:50:52 debug: Resolve cce:/internal/x/cc-fu/particle-2d from cce:/internal/x/cc as external dependency cce:/internal/x/cc-fu/particle-2d.
00:50:52 debug: Resolve cce:/internal/x/cc-fu/physics-framework from cce:/internal/x/cc as external dependency cce:/internal/x/cc-fu/physics-framework.
00:50:52 debug: Resolve cce:/internal/x/cc-fu/physics-2d-framework from cce:/internal/x/cc as external dependency cce:/internal/x/cc-fu/physics-2d-framework.
00:50:52 debug: Resolve cce:/internal/x/cc-fu/physics-2d-box2d-wasm from cce:/internal/x/cc as external dependency cce:/internal/x/cc-fu/physics-2d-box2d-wasm.
00:50:52 debug: Resolve cce:/internal/x/cc-fu/intersection-2d from cce:/internal/x/cc as external dependency cce:/internal/x/cc-fu/intersection-2d.
00:50:52 debug: Resolve cce:/internal/x/cc-fu/primitive from cce:/internal/x/cc as external dependency cce:/internal/x/cc-fu/primitive.
00:50:52 debug: Resolve cce:/internal/x/cc-fu/profiler from cce:/internal/x/cc as external dependency cce:/internal/x/cc-fu/profiler.
00:50:52 debug: Resolve cce:/internal/x/cc-fu/geometry-renderer from cce:/internal/x/cc as external dependency cce:/internal/x/cc-fu/geometry-renderer.
00:50:52 debug: Resolve cce:/internal/x/cc-fu/audio from cce:/internal/x/cc as external dependency cce:/internal/x/cc-fu/audio.
00:50:52 debug: Resolve cce:/internal/x/cc-fu/video from cce:/internal/x/cc as external dependency cce:/internal/x/cc-fu/video.
00:50:52 debug: Resolve cce:/internal/x/cc-fu/xr from cce:/internal/x/cc as external dependency cce:/internal/x/cc-fu/xr.
00:50:52 debug: Resolve cce:/internal/x/cc-fu/light-probe from cce:/internal/x/cc as external dependency cce:/internal/x/cc-fu/light-probe.
00:50:52 debug: Resolve cce:/internal/x/cc-fu/terrain from cce:/internal/x/cc as external dependency cce:/internal/x/cc-fu/terrain.
00:50:52 debug: Resolve cce:/internal/x/cc-fu/webview from cce:/internal/x/cc as external dependency cce:/internal/x/cc-fu/webview.
00:50:52 debug: Resolve cce:/internal/x/cc-fu/tween from cce:/internal/x/cc as external dependency cce:/internal/x/cc-fu/tween.
00:50:52 debug: Resolve cce:/internal/x/cc-fu/tiled-map from cce:/internal/x/cc as external dependency cce:/internal/x/cc-fu/tiled-map.
00:50:52 debug: Resolve cce:/internal/x/cc-fu/spine from cce:/internal/x/cc as external dependency cce:/internal/x/cc-fu/spine.
00:50:52 debug: Resolve cce:/internal/x/cc-fu/dragon-bones from cce:/internal/x/cc as external dependency cce:/internal/x/cc-fu/dragon-bones.
00:50:52 debug: Resolve cce:/internal/x/cc-fu/custom-pipeline from cce:/internal/x/cc as external dependency cce:/internal/x/cc-fu/custom-pipeline.
00:50:52 debug: Detected change: cce:/internal/x/prerequisite-imports. Last mtime: Thu Jan 01 1970 08:44:41 GMT+0800 (中国标准时间), Current mtime: Thu Jan 01 1970 08:00:07 GMT+0800 (中国标准时间)
00:50:52 debug: Inspect cce:/internal/x/prerequisite-imports
00:50:52 debug: Resolve file:///Applications/Cocos/Creator/3.8.3/CocosCreator.app/Contents/Resources/resources/3d/engine/editor/assets/tools/debug-view-runtime-control.ts from cce:/internal/x/prerequisite-imports as file:///Applications/Cocos/Creator/3.8.3/CocosCreator.app/Contents/Resources/resources/3d/engine/editor/assets/tools/debug-view-runtime-control.ts.
00:50:52 debug: Resolve cc from file:///Applications/Cocos/Creator/3.8.3/CocosCreator.app/Contents/Resources/resources/3d/engine/editor/assets/tools/debug-view-runtime-control.ts as cce:/internal/x/cc.
00:50:52 debug: Resolve cc from file:///Applications/Cocos/Creator/3.8.3/CocosCreator.app/Contents/Resources/resources/3d/engine/editor/assets/tools/debug-view-runtime-control.ts as cce:/internal/x/cc.
00:50:52 debug: Resolve cc from file:///Applications/Cocos/Creator/3.8.3/CocosCreator.app/Contents/Resources/resources/3d/engine/editor/assets/tools/debug-view-runtime-control.ts as cce:/internal/x/cc.
00:50:52 debug: Resolve file:///Users/zqlwmatt/project/cocos/PlaneFlight/assets/Scripts/Bg.ts from cce:/internal/x/prerequisite-imports as file:///Users/zqlwmatt/project/cocos/PlaneFlight/assets/Scripts/Bg.ts.
00:50:52 debug: Resolve cc from file:///Users/zqlwmatt/project/cocos/PlaneFlight/assets/Scripts/Bg.ts as cce:/internal/x/cc.
00:50:52 debug: Resolve cc from file:///Users/zqlwmatt/project/cocos/PlaneFlight/assets/Scripts/Bg.ts as cce:/internal/x/cc.
00:50:52 debug: Resolve cc from file:///Users/zqlwmatt/project/cocos/PlaneFlight/assets/Scripts/Bg.ts as cce:/internal/x/cc.
00:50:52 debug: Resolve file:///Users/zqlwmatt/project/cocos/PlaneFlight/assets/Scripts/Bullet.ts from cce:/internal/x/prerequisite-imports as file:///Users/zqlwmatt/project/cocos/PlaneFlight/assets/Scripts/Bullet.ts.
00:50:52 debug: Resolve cc from file:///Users/zqlwmatt/project/cocos/PlaneFlight/assets/Scripts/Bullet.ts as cce:/internal/x/cc.
00:50:52 debug: Resolve cc from file:///Users/zqlwmatt/project/cocos/PlaneFlight/assets/Scripts/Bullet.ts as cce:/internal/x/cc.
00:50:52 debug: Resolve cc from file:///Users/zqlwmatt/project/cocos/PlaneFlight/assets/Scripts/Bullet.ts as cce:/internal/x/cc.
00:50:52 debug: Resolve file:///Users/zqlwmatt/project/cocos/PlaneFlight/assets/Scripts/Enemy.ts from cce:/internal/x/prerequisite-imports as file:///Users/zqlwmatt/project/cocos/PlaneFlight/assets/Scripts/Enemy.ts.
00:50:52 debug: Resolve cce:/internal/code-quality/cr.mjs from file:///Users/zqlwmatt/project/cocos/PlaneFlight/assets/Scripts/Enemy.ts as cce:/internal/code-quality/cr.mjs.
00:50:52 debug: Detected change: cce:/internal/code-quality/cr.mjs. Last mtime: Sat Oct 12 2024 18:06:01 GMT+0800 (中国标准时间), Current mtime: Sun Oct 13 2024 00:50:44 GMT+0800 (中国标准时间)
00:50:52 debug: Inspect cce:/internal/code-quality/cr.mjs
00:50:52 debug: Resolve cc from file:///Users/zqlwmatt/project/cocos/PlaneFlight/assets/Scripts/Enemy.ts as cce:/internal/x/cc.
00:50:52 debug: Resolve cc from file:///Users/zqlwmatt/project/cocos/PlaneFlight/assets/Scripts/Enemy.ts as cce:/internal/x/cc.
00:50:52 debug: Resolve cc from file:///Users/zqlwmatt/project/cocos/PlaneFlight/assets/Scripts/Enemy.ts as cce:/internal/x/cc.
00:50:52 debug: Resolve ./Bullet from file:///Users/zqlwmatt/project/cocos/PlaneFlight/assets/Scripts/Enemy.ts as file:///Users/zqlwmatt/project/cocos/PlaneFlight/assets/Scripts/Bullet.ts.
00:50:52 debug: Resolve ./GameManager from file:///Users/zqlwmatt/project/cocos/PlaneFlight/assets/Scripts/Enemy.ts as file:///Users/zqlwmatt/project/cocos/PlaneFlight/assets/Scripts/GameManager.ts.
00:50:52 debug: Resolve cce:/internal/code-quality/cr.mjs from file:///Users/zqlwmatt/project/cocos/PlaneFlight/assets/Scripts/GameManager.ts as cce:/internal/code-quality/cr.mjs.
00:50:52 debug: Resolve cc from file:///Users/zqlwmatt/project/cocos/PlaneFlight/assets/Scripts/GameManager.ts as cce:/internal/x/cc.
00:50:52 debug: Resolve cc from file:///Users/zqlwmatt/project/cocos/PlaneFlight/assets/Scripts/GameManager.ts as cce:/internal/x/cc.
00:50:52 debug: Resolve cc from file:///Users/zqlwmatt/project/cocos/PlaneFlight/assets/Scripts/GameManager.ts as cce:/internal/x/cc.
00:50:52 debug: Resolve ./UI/BombUI from file:///Users/zqlwmatt/project/cocos/PlaneFlight/assets/Scripts/GameManager.ts as file:///Users/zqlwmatt/project/cocos/PlaneFlight/assets/Scripts/UI/BombUI.ts.
00:50:52 debug: Resolve cc from file:///Users/zqlwmatt/project/cocos/PlaneFlight/assets/Scripts/UI/BombUI.ts as cce:/internal/x/cc.
00:50:52 debug: Resolve cc from file:///Users/zqlwmatt/project/cocos/PlaneFlight/assets/Scripts/UI/BombUI.ts as cce:/internal/x/cc.
00:50:52 debug: Resolve cc from file:///Users/zqlwmatt/project/cocos/PlaneFlight/assets/Scripts/UI/BombUI.ts as cce:/internal/x/cc.
00:50:52 debug: Resolve ./UI/ScoreUI from file:///Users/zqlwmatt/project/cocos/PlaneFlight/assets/Scripts/GameManager.ts as file:///Users/zqlwmatt/project/cocos/PlaneFlight/assets/Scripts/UI/ScoreUI.ts.
00:50:52 debug: Resolve cc from file:///Users/zqlwmatt/project/cocos/PlaneFlight/assets/Scripts/UI/ScoreUI.ts as cce:/internal/x/cc.
00:50:52 debug: Resolve cc from file:///Users/zqlwmatt/project/cocos/PlaneFlight/assets/Scripts/UI/ScoreUI.ts as cce:/internal/x/cc.
00:50:52 debug: Resolve cc from file:///Users/zqlwmatt/project/cocos/PlaneFlight/assets/Scripts/UI/ScoreUI.ts as cce:/internal/x/cc.
00:50:52 debug: Resolve ./Player from file:///Users/zqlwmatt/project/cocos/PlaneFlight/assets/Scripts/GameManager.ts as file:///Users/zqlwmatt/project/cocos/PlaneFlight/assets/Scripts/Player.ts.
00:50:52 debug: Resolve cce:/internal/code-quality/cr.mjs from file:///Users/zqlwmatt/project/cocos/PlaneFlight/assets/Scripts/Player.ts as cce:/internal/code-quality/cr.mjs.
00:50:52 debug: Resolve cc from file:///Users/zqlwmatt/project/cocos/PlaneFlight/assets/Scripts/Player.ts as cce:/internal/x/cc.
00:50:52 debug: Resolve cc from file:///Users/zqlwmatt/project/cocos/PlaneFlight/assets/Scripts/Player.ts as cce:/internal/x/cc.
00:50:52 debug: Resolve cc from file:///Users/zqlwmatt/project/cocos/PlaneFlight/assets/Scripts/Player.ts as cce:/internal/x/cc.
00:50:52 debug: Resolve ./Reward from file:///Users/zqlwmatt/project/cocos/PlaneFlight/assets/Scripts/Player.ts as file:///Users/zqlwmatt/project/cocos/PlaneFlight/assets/Scripts/Reward.ts.
00:50:52 debug: Resolve cc from file:///Users/zqlwmatt/project/cocos/PlaneFlight/assets/Scripts/Reward.ts as cce:/internal/x/cc.
00:50:52 debug: Resolve cc from file:///Users/zqlwmatt/project/cocos/PlaneFlight/assets/Scripts/Reward.ts as cce:/internal/x/cc.
00:50:52 debug: Resolve cc from file:///Users/zqlwmatt/project/cocos/PlaneFlight/assets/Scripts/Reward.ts as cce:/internal/x/cc.
00:50:52 debug: Resolve ./GameManager from file:///Users/zqlwmatt/project/cocos/PlaneFlight/assets/Scripts/Player.ts as file:///Users/zqlwmatt/project/cocos/PlaneFlight/assets/Scripts/GameManager.ts.
00:50:52 debug: Resolve ./UI/LifeCountUI from file:///Users/zqlwmatt/project/cocos/PlaneFlight/assets/Scripts/Player.ts as file:///Users/zqlwmatt/project/cocos/PlaneFlight/assets/Scripts/UI/LifeCountUI.ts.
00:50:52 debug: Resolve cc from file:///Users/zqlwmatt/project/cocos/PlaneFlight/assets/Scripts/UI/LifeCountUI.ts as cce:/internal/x/cc.
00:50:52 debug: Resolve cc from file:///Users/zqlwmatt/project/cocos/PlaneFlight/assets/Scripts/UI/LifeCountUI.ts as cce:/internal/x/cc.
00:50:52 debug: Resolve cc from file:///Users/zqlwmatt/project/cocos/PlaneFlight/assets/Scripts/UI/LifeCountUI.ts as cce:/internal/x/cc.
00:50:52 debug: Resolve file:///Users/zqlwmatt/project/cocos/PlaneFlight/assets/Scripts/EnemyManager.ts from cce:/internal/x/prerequisite-imports as file:///Users/zqlwmatt/project/cocos/PlaneFlight/assets/Scripts/EnemyManager.ts.
00:50:52 debug: Resolve cc from file:///Users/zqlwmatt/project/cocos/PlaneFlight/assets/Scripts/EnemyManager.ts as cce:/internal/x/cc.
00:50:52 debug: Resolve cc from file:///Users/zqlwmatt/project/cocos/PlaneFlight/assets/Scripts/EnemyManager.ts as cce:/internal/x/cc.
00:50:52 debug: Resolve cc from file:///Users/zqlwmatt/project/cocos/PlaneFlight/assets/Scripts/EnemyManager.ts as cce:/internal/x/cc.
00:50:52 debug: Resolve file:///Users/zqlwmatt/project/cocos/PlaneFlight/assets/Scripts/GameManager.ts from cce:/internal/x/prerequisite-imports as file:///Users/zqlwmatt/project/cocos/PlaneFlight/assets/Scripts/GameManager.ts.
00:50:52 debug: Resolve file:///Users/zqlwmatt/project/cocos/PlaneFlight/assets/Scripts/Player.ts from cce:/internal/x/prerequisite-imports as file:///Users/zqlwmatt/project/cocos/PlaneFlight/assets/Scripts/Player.ts.
00:50:52 debug: Resolve file:///Users/zqlwmatt/project/cocos/PlaneFlight/assets/Scripts/Reward.ts from cce:/internal/x/prerequisite-imports as file:///Users/zqlwmatt/project/cocos/PlaneFlight/assets/Scripts/Reward.ts.
00:50:52 debug: Resolve file:///Users/zqlwmatt/project/cocos/PlaneFlight/assets/Scripts/StartUI.ts from cce:/internal/x/prerequisite-imports as file:///Users/zqlwmatt/project/cocos/PlaneFlight/assets/Scripts/StartUI.ts.
00:50:52 debug: Resolve cc from file:///Users/zqlwmatt/project/cocos/PlaneFlight/assets/Scripts/StartUI.ts as cce:/internal/x/cc.
00:50:52 debug: Resolve cc from file:///Users/zqlwmatt/project/cocos/PlaneFlight/assets/Scripts/StartUI.ts as cce:/internal/x/cc.
00:50:52 debug: Resolve cc from file:///Users/zqlwmatt/project/cocos/PlaneFlight/assets/Scripts/StartUI.ts as cce:/internal/x/cc.
00:50:52 debug: Resolve file:///Users/zqlwmatt/project/cocos/PlaneFlight/assets/Scripts/UI/BombUI.ts from cce:/internal/x/prerequisite-imports as file:///Users/zqlwmatt/project/cocos/PlaneFlight/assets/Scripts/UI/BombUI.ts.
00:50:52 debug: Resolve file:///Users/zqlwmatt/project/cocos/PlaneFlight/assets/Scripts/UI/LifeCountUI.ts from cce:/internal/x/prerequisite-imports as file:///Users/zqlwmatt/project/cocos/PlaneFlight/assets/Scripts/UI/LifeCountUI.ts.
00:50:52 debug: Resolve file:///Users/zqlwmatt/project/cocos/PlaneFlight/assets/Scripts/UI/ScoreUI.ts from cce:/internal/x/prerequisite-imports as file:///Users/zqlwmatt/project/cocos/PlaneFlight/assets/Scripts/UI/ScoreUI.ts.
00:50:52 debug: Target(editor) ends with cost 71.67575001716614ms.
00:50:52 debug: Target(preview) build started.
00:50:52 debug: Detected change: cce:/internal/x/cc. Last mtime: Thu Jan 01 1970 08:00:07 GMT+0800 (中国标准时间), Current mtime: Thu Jan 01 1970 08:00:07 GMT+0800 (中国标准时间)
00:50:52 debug: Inspect cce:/internal/x/cc
00:50:52 debug: Resolve cce:/internal/x/cc-fu/2d from cce:/internal/x/cc as external dependency cce:/internal/x/cc-fu/2d.
00:50:52 debug: Resolve cce:/internal/x/cc-fu/sorting from cce:/internal/x/cc as external dependency cce:/internal/x/cc-fu/sorting.
00:50:52 debug: Resolve cce:/internal/x/cc-fu/animation from cce:/internal/x/cc as external dependency cce:/internal/x/cc-fu/animation.
00:50:52 debug: Resolve cce:/internal/x/cc-fu/audio from cce:/internal/x/cc as external dependency cce:/internal/x/cc-fu/audio.
00:50:52 debug: Resolve cce:/internal/x/cc-fu/base from cce:/internal/x/cc as external dependency cce:/internal/x/cc-fu/base.
00:50:52 debug: Resolve cce:/internal/x/cc-fu/dragon-bones from cce:/internal/x/cc as external dependency cce:/internal/x/cc-fu/dragon-bones.
00:50:52 debug: Resolve cce:/internal/x/cc-fu/gfx-webgl from cce:/internal/x/cc as external dependency cce:/internal/x/cc-fu/gfx-webgl.
00:50:52 debug: Resolve cce:/internal/x/cc-fu/gfx-webgl2 from cce:/internal/x/cc as external dependency cce:/internal/x/cc-fu/gfx-webgl2.
00:50:52 debug: Resolve cce:/internal/x/cc-fu/intersection-2d from cce:/internal/x/cc as external dependency cce:/internal/x/cc-fu/intersection-2d.
00:50:52 debug: Resolve cce:/internal/x/cc-fu/particle-2d from cce:/internal/x/cc as external dependency cce:/internal/x/cc-fu/particle-2d.
00:50:52 debug: Resolve cce:/internal/x/cc-fu/physics-2d-box2d from cce:/internal/x/cc as external dependency cce:/internal/x/cc-fu/physics-2d-box2d.
00:50:52 debug: Resolve cce:/internal/x/cc-fu/physics-2d-framework from cce:/internal/x/cc as external dependency cce:/internal/x/cc-fu/physics-2d-framework.
00:50:52 debug: Resolve cce:/internal/x/cc-fu/profiler from cce:/internal/x/cc as external dependency cce:/internal/x/cc-fu/profiler.
00:50:52 debug: Resolve cce:/internal/x/cc-fu/spine from cce:/internal/x/cc as external dependency cce:/internal/x/cc-fu/spine.
00:50:52 debug: Resolve cce:/internal/x/cc-fu/tiled-map from cce:/internal/x/cc as external dependency cce:/internal/x/cc-fu/tiled-map.
00:50:52 debug: Resolve cce:/internal/x/cc-fu/tween from cce:/internal/x/cc as external dependency cce:/internal/x/cc-fu/tween.
00:50:52 debug: Resolve cce:/internal/x/cc-fu/ui from cce:/internal/x/cc as external dependency cce:/internal/x/cc-fu/ui.
00:50:52 debug: Resolve cce:/internal/x/cc-fu/video from cce:/internal/x/cc as external dependency cce:/internal/x/cc-fu/video.
00:50:52 debug: Resolve cce:/internal/x/cc-fu/webview from cce:/internal/x/cc as external dependency cce:/internal/x/cc-fu/webview.
00:50:52 debug: Detected change: cce:/internal/x/prerequisite-imports. Last mtime: Thu Jan 01 1970 08:44:41 GMT+0800 (中国标准时间), Current mtime: Thu Jan 01 1970 08:00:07 GMT+0800 (中国标准时间)
00:50:52 debug: Inspect cce:/internal/x/prerequisite-imports
00:50:52 debug: Resolve file:///Applications/Cocos/Creator/3.8.3/CocosCreator.app/Contents/Resources/resources/3d/engine/editor/assets/tools/debug-view-runtime-control.ts from cce:/internal/x/prerequisite-imports as file:///Applications/Cocos/Creator/3.8.3/CocosCreator.app/Contents/Resources/resources/3d/engine/editor/assets/tools/debug-view-runtime-control.ts.
00:50:52 debug: Resolve cc from file:///Applications/Cocos/Creator/3.8.3/CocosCreator.app/Contents/Resources/resources/3d/engine/editor/assets/tools/debug-view-runtime-control.ts as cce:/internal/x/cc.
00:50:52 debug: Resolve cc from file:///Applications/Cocos/Creator/3.8.3/CocosCreator.app/Contents/Resources/resources/3d/engine/editor/assets/tools/debug-view-runtime-control.ts as cce:/internal/x/cc.
00:50:52 debug: Resolve cc from file:///Applications/Cocos/Creator/3.8.3/CocosCreator.app/Contents/Resources/resources/3d/engine/editor/assets/tools/debug-view-runtime-control.ts as cce:/internal/x/cc.
00:50:52 debug: Resolve file:///Users/zqlwmatt/project/cocos/PlaneFlight/assets/Scripts/Bg.ts from cce:/internal/x/prerequisite-imports as file:///Users/zqlwmatt/project/cocos/PlaneFlight/assets/Scripts/Bg.ts.
00:50:52 debug: Resolve cc from file:///Users/zqlwmatt/project/cocos/PlaneFlight/assets/Scripts/Bg.ts as cce:/internal/x/cc.
00:50:52 debug: Resolve cc from file:///Users/zqlwmatt/project/cocos/PlaneFlight/assets/Scripts/Bg.ts as cce:/internal/x/cc.
00:50:52 debug: Resolve cc from file:///Users/zqlwmatt/project/cocos/PlaneFlight/assets/Scripts/Bg.ts as cce:/internal/x/cc.
00:50:52 debug: Resolve file:///Users/zqlwmatt/project/cocos/PlaneFlight/assets/Scripts/Bullet.ts from cce:/internal/x/prerequisite-imports as file:///Users/zqlwmatt/project/cocos/PlaneFlight/assets/Scripts/Bullet.ts.
00:50:52 debug: Resolve cc from file:///Users/zqlwmatt/project/cocos/PlaneFlight/assets/Scripts/Bullet.ts as cce:/internal/x/cc.
00:50:52 debug: Resolve cc from file:///Users/zqlwmatt/project/cocos/PlaneFlight/assets/Scripts/Bullet.ts as cce:/internal/x/cc.
00:50:52 debug: Resolve cc from file:///Users/zqlwmatt/project/cocos/PlaneFlight/assets/Scripts/Bullet.ts as cce:/internal/x/cc.
00:50:52 debug: Resolve file:///Users/zqlwmatt/project/cocos/PlaneFlight/assets/Scripts/Enemy.ts from cce:/internal/x/prerequisite-imports as file:///Users/zqlwmatt/project/cocos/PlaneFlight/assets/Scripts/Enemy.ts.
00:50:52 debug: Resolve cce:/internal/code-quality/cr.mjs from file:///Users/zqlwmatt/project/cocos/PlaneFlight/assets/Scripts/Enemy.ts as cce:/internal/code-quality/cr.mjs.
00:50:52 debug: Detected change: cce:/internal/code-quality/cr.mjs. Last mtime: Sat Oct 12 2024 18:06:01 GMT+0800 (中国标准时间), Current mtime: Sun Oct 13 2024 00:50:44 GMT+0800 (中国标准时间)
00:50:52 debug: Inspect cce:/internal/code-quality/cr.mjs
00:50:52 debug: Resolve cc from file:///Users/zqlwmatt/project/cocos/PlaneFlight/assets/Scripts/Enemy.ts as cce:/internal/x/cc.
00:50:52 debug: Resolve cc from file:///Users/zqlwmatt/project/cocos/PlaneFlight/assets/Scripts/Enemy.ts as cce:/internal/x/cc.
00:50:52 debug: Resolve cc from file:///Users/zqlwmatt/project/cocos/PlaneFlight/assets/Scripts/Enemy.ts as cce:/internal/x/cc.
00:50:52 debug: Resolve ./Bullet from file:///Users/zqlwmatt/project/cocos/PlaneFlight/assets/Scripts/Enemy.ts as file:///Users/zqlwmatt/project/cocos/PlaneFlight/assets/Scripts/Bullet.ts.
00:50:52 debug: Resolve ./GameManager from file:///Users/zqlwmatt/project/cocos/PlaneFlight/assets/Scripts/Enemy.ts as file:///Users/zqlwmatt/project/cocos/PlaneFlight/assets/Scripts/GameManager.ts.
00:50:52 debug: Resolve cce:/internal/code-quality/cr.mjs from file:///Users/zqlwmatt/project/cocos/PlaneFlight/assets/Scripts/GameManager.ts as cce:/internal/code-quality/cr.mjs.
00:50:52 debug: Resolve cc from file:///Users/zqlwmatt/project/cocos/PlaneFlight/assets/Scripts/GameManager.ts as cce:/internal/x/cc.
00:50:52 debug: Resolve cc from file:///Users/zqlwmatt/project/cocos/PlaneFlight/assets/Scripts/GameManager.ts as cce:/internal/x/cc.
00:50:52 debug: Resolve cc from file:///Users/zqlwmatt/project/cocos/PlaneFlight/assets/Scripts/GameManager.ts as cce:/internal/x/cc.
00:50:52 debug: Resolve ./UI/BombUI from file:///Users/zqlwmatt/project/cocos/PlaneFlight/assets/Scripts/GameManager.ts as file:///Users/zqlwmatt/project/cocos/PlaneFlight/assets/Scripts/UI/BombUI.ts.
00:50:52 debug: Resolve cc from file:///Users/zqlwmatt/project/cocos/PlaneFlight/assets/Scripts/UI/BombUI.ts as cce:/internal/x/cc.
00:50:52 debug: Resolve cc from file:///Users/zqlwmatt/project/cocos/PlaneFlight/assets/Scripts/UI/BombUI.ts as cce:/internal/x/cc.
00:50:52 debug: Resolve cc from file:///Users/zqlwmatt/project/cocos/PlaneFlight/assets/Scripts/UI/BombUI.ts as cce:/internal/x/cc.
00:50:52 debug: Resolve ./UI/ScoreUI from file:///Users/zqlwmatt/project/cocos/PlaneFlight/assets/Scripts/GameManager.ts as file:///Users/zqlwmatt/project/cocos/PlaneFlight/assets/Scripts/UI/ScoreUI.ts.
00:50:52 debug: Resolve cc from file:///Users/zqlwmatt/project/cocos/PlaneFlight/assets/Scripts/UI/ScoreUI.ts as cce:/internal/x/cc.
00:50:52 debug: Resolve cc from file:///Users/zqlwmatt/project/cocos/PlaneFlight/assets/Scripts/UI/ScoreUI.ts as cce:/internal/x/cc.
00:50:52 debug: Resolve cc from file:///Users/zqlwmatt/project/cocos/PlaneFlight/assets/Scripts/UI/ScoreUI.ts as cce:/internal/x/cc.
00:50:52 debug: Resolve ./Player from file:///Users/zqlwmatt/project/cocos/PlaneFlight/assets/Scripts/GameManager.ts as file:///Users/zqlwmatt/project/cocos/PlaneFlight/assets/Scripts/Player.ts.
00:50:52 debug: Resolve cce:/internal/code-quality/cr.mjs from file:///Users/zqlwmatt/project/cocos/PlaneFlight/assets/Scripts/Player.ts as cce:/internal/code-quality/cr.mjs.
00:50:52 debug: Resolve cc from file:///Users/zqlwmatt/project/cocos/PlaneFlight/assets/Scripts/Player.ts as cce:/internal/x/cc.
00:50:52 debug: Resolve cc from file:///Users/zqlwmatt/project/cocos/PlaneFlight/assets/Scripts/Player.ts as cce:/internal/x/cc.
00:50:52 debug: Resolve cc from file:///Users/zqlwmatt/project/cocos/PlaneFlight/assets/Scripts/Player.ts as cce:/internal/x/cc.
00:50:52 debug: Resolve ./Reward from file:///Users/zqlwmatt/project/cocos/PlaneFlight/assets/Scripts/Player.ts as file:///Users/zqlwmatt/project/cocos/PlaneFlight/assets/Scripts/Reward.ts.
00:50:52 debug: Resolve cc from file:///Users/zqlwmatt/project/cocos/PlaneFlight/assets/Scripts/Reward.ts as cce:/internal/x/cc.
00:50:52 debug: Resolve cc from file:///Users/zqlwmatt/project/cocos/PlaneFlight/assets/Scripts/Reward.ts as cce:/internal/x/cc.
00:50:52 debug: Resolve cc from file:///Users/zqlwmatt/project/cocos/PlaneFlight/assets/Scripts/Reward.ts as cce:/internal/x/cc.
00:50:52 debug: Resolve ./GameManager from file:///Users/zqlwmatt/project/cocos/PlaneFlight/assets/Scripts/Player.ts as file:///Users/zqlwmatt/project/cocos/PlaneFlight/assets/Scripts/GameManager.ts.
00:50:52 debug: Resolve ./UI/LifeCountUI from file:///Users/zqlwmatt/project/cocos/PlaneFlight/assets/Scripts/Player.ts as file:///Users/zqlwmatt/project/cocos/PlaneFlight/assets/Scripts/UI/LifeCountUI.ts.
00:50:52 debug: Resolve cc from file:///Users/zqlwmatt/project/cocos/PlaneFlight/assets/Scripts/UI/LifeCountUI.ts as cce:/internal/x/cc.
00:50:52 debug: Resolve cc from file:///Users/zqlwmatt/project/cocos/PlaneFlight/assets/Scripts/UI/LifeCountUI.ts as cce:/internal/x/cc.
00:50:52 debug: Resolve cc from file:///Users/zqlwmatt/project/cocos/PlaneFlight/assets/Scripts/UI/LifeCountUI.ts as cce:/internal/x/cc.
00:50:52 debug: Resolve file:///Users/zqlwmatt/project/cocos/PlaneFlight/assets/Scripts/EnemyManager.ts from cce:/internal/x/prerequisite-imports as file:///Users/zqlwmatt/project/cocos/PlaneFlight/assets/Scripts/EnemyManager.ts.
00:50:52 debug: Resolve cc from file:///Users/zqlwmatt/project/cocos/PlaneFlight/assets/Scripts/EnemyManager.ts as cce:/internal/x/cc.
00:50:52 debug: Resolve cc from file:///Users/zqlwmatt/project/cocos/PlaneFlight/assets/Scripts/EnemyManager.ts as cce:/internal/x/cc.
00:50:52 debug: Resolve cc from file:///Users/zqlwmatt/project/cocos/PlaneFlight/assets/Scripts/EnemyManager.ts as cce:/internal/x/cc.
00:50:52 debug: Resolve file:///Users/zqlwmatt/project/cocos/PlaneFlight/assets/Scripts/GameManager.ts from cce:/internal/x/prerequisite-imports as file:///Users/zqlwmatt/project/cocos/PlaneFlight/assets/Scripts/GameManager.ts.
00:50:52 debug: Resolve file:///Users/zqlwmatt/project/cocos/PlaneFlight/assets/Scripts/Player.ts from cce:/internal/x/prerequisite-imports as file:///Users/zqlwmatt/project/cocos/PlaneFlight/assets/Scripts/Player.ts.
00:50:52 debug: Resolve file:///Users/zqlwmatt/project/cocos/PlaneFlight/assets/Scripts/Reward.ts from cce:/internal/x/prerequisite-imports as file:///Users/zqlwmatt/project/cocos/PlaneFlight/assets/Scripts/Reward.ts.
00:50:52 debug: Resolve file:///Users/zqlwmatt/project/cocos/PlaneFlight/assets/Scripts/StartUI.ts from cce:/internal/x/prerequisite-imports as file:///Users/zqlwmatt/project/cocos/PlaneFlight/assets/Scripts/StartUI.ts.
00:50:52 debug: Resolve cc from file:///Users/zqlwmatt/project/cocos/PlaneFlight/assets/Scripts/StartUI.ts as cce:/internal/x/cc.
00:50:52 debug: Resolve cc from file:///Users/zqlwmatt/project/cocos/PlaneFlight/assets/Scripts/StartUI.ts as cce:/internal/x/cc.
00:50:52 debug: Resolve cc from file:///Users/zqlwmatt/project/cocos/PlaneFlight/assets/Scripts/StartUI.ts as cce:/internal/x/cc.
00:50:52 debug: Resolve file:///Users/zqlwmatt/project/cocos/PlaneFlight/assets/Scripts/UI/BombUI.ts from cce:/internal/x/prerequisite-imports as file:///Users/zqlwmatt/project/cocos/PlaneFlight/assets/Scripts/UI/BombUI.ts.
00:50:52 debug: Resolve file:///Users/zqlwmatt/project/cocos/PlaneFlight/assets/Scripts/UI/LifeCountUI.ts from cce:/internal/x/prerequisite-imports as file:///Users/zqlwmatt/project/cocos/PlaneFlight/assets/Scripts/UI/LifeCountUI.ts.
00:50:52 debug: Resolve file:///Users/zqlwmatt/project/cocos/PlaneFlight/assets/Scripts/UI/ScoreUI.ts from cce:/internal/x/prerequisite-imports as file:///Users/zqlwmatt/project/cocos/PlaneFlight/assets/Scripts/UI/ScoreUI.ts.
00:50:52 debug: Target(preview) ends with cost 56.35929203033447ms.
00:50:52 debug: Pulling asset-db.
00:50:53 debug: Fetch asset-db cost: 536.3139580488205ms.
00:50:53 debug: Build iteration starts.
Number of accumulated asset changes: 12
Feature changed: false
00:50:53 debug: Target(editor) build started.
00:50:53 debug: Detected change: cce:/internal/x/prerequisite-imports. Last mtime: Thu Jan 01 1970 08:00:07 GMT+0800 (中国标准时间), Current mtime: Thu Jan 01 1970 08:00:08 GMT+0800 (中国标准时间)
00:50:53 debug: Inspect cce:/internal/x/prerequisite-imports
00:50:53 debug: Resolve file:///Applications/Cocos/Creator/3.8.3/CocosCreator.app/Contents/Resources/resources/3d/engine/editor/assets/tools/debug-view-runtime-control.ts from cce:/internal/x/prerequisite-imports as file:///Applications/Cocos/Creator/3.8.3/CocosCreator.app/Contents/Resources/resources/3d/engine/editor/assets/tools/debug-view-runtime-control.ts.
00:50:53 debug: Resolve file:///Users/zqlwmatt/project/cocos/PlaneFlight/assets/Scripts/Bg.ts from cce:/internal/x/prerequisite-imports as file:///Users/zqlwmatt/project/cocos/PlaneFlight/assets/Scripts/Bg.ts.
00:50:53 debug: Resolve file:///Users/zqlwmatt/project/cocos/PlaneFlight/assets/Scripts/Bullet.ts from cce:/internal/x/prerequisite-imports as file:///Users/zqlwmatt/project/cocos/PlaneFlight/assets/Scripts/Bullet.ts.
00:50:53 debug: Resolve file:///Users/zqlwmatt/project/cocos/PlaneFlight/assets/Scripts/Enemy.ts from cce:/internal/x/prerequisite-imports as file:///Users/zqlwmatt/project/cocos/PlaneFlight/assets/Scripts/Enemy.ts.
00:50:53 debug: Resolve file:///Users/zqlwmatt/project/cocos/PlaneFlight/assets/Scripts/EnemyManager.ts from cce:/internal/x/prerequisite-imports as file:///Users/zqlwmatt/project/cocos/PlaneFlight/assets/Scripts/EnemyManager.ts.
00:50:53 debug: Resolve file:///Users/zqlwmatt/project/cocos/PlaneFlight/assets/Scripts/GameManager.ts from cce:/internal/x/prerequisite-imports as file:///Users/zqlwmatt/project/cocos/PlaneFlight/assets/Scripts/GameManager.ts.
00:50:53 debug: Resolve file:///Users/zqlwmatt/project/cocos/PlaneFlight/assets/Scripts/Player.ts from cce:/internal/x/prerequisite-imports as file:///Users/zqlwmatt/project/cocos/PlaneFlight/assets/Scripts/Player.ts.
00:50:53 debug: Resolve file:///Users/zqlwmatt/project/cocos/PlaneFlight/assets/Scripts/Reward.ts from cce:/internal/x/prerequisite-imports as file:///Users/zqlwmatt/project/cocos/PlaneFlight/assets/Scripts/Reward.ts.
00:50:53 debug: Resolve file:///Users/zqlwmatt/project/cocos/PlaneFlight/assets/Scripts/StartUI.ts from cce:/internal/x/prerequisite-imports as file:///Users/zqlwmatt/project/cocos/PlaneFlight/assets/Scripts/StartUI.ts.
00:50:53 debug: Resolve file:///Users/zqlwmatt/project/cocos/PlaneFlight/assets/Scripts/UI/BombUI.ts from cce:/internal/x/prerequisite-imports as file:///Users/zqlwmatt/project/cocos/PlaneFlight/assets/Scripts/UI/BombUI.ts.
00:50:53 debug: Resolve file:///Users/zqlwmatt/project/cocos/PlaneFlight/assets/Scripts/UI/LifeCountUI.ts from cce:/internal/x/prerequisite-imports as file:///Users/zqlwmatt/project/cocos/PlaneFlight/assets/Scripts/UI/LifeCountUI.ts.
00:50:53 debug: Resolve file:///Users/zqlwmatt/project/cocos/PlaneFlight/assets/Scripts/UI/ScoreUI.ts from cce:/internal/x/prerequisite-imports as file:///Users/zqlwmatt/project/cocos/PlaneFlight/assets/Scripts/UI/ScoreUI.ts.
00:50:53 debug: Target(editor) ends with cost 25.887542009353638ms.
00:50:53 debug: Target(preview) build started.
00:50:53 debug: Detected change: cce:/internal/x/prerequisite-imports. Last mtime: Thu Jan 01 1970 08:00:07 GMT+0800 (中国标准时间), Current mtime: Thu Jan 01 1970 08:00:08 GMT+0800 (中国标准时间)
00:50:53 debug: Inspect cce:/internal/x/prerequisite-imports
00:50:53 debug: Resolve file:///Applications/Cocos/Creator/3.8.3/CocosCreator.app/Contents/Resources/resources/3d/engine/editor/assets/tools/debug-view-runtime-control.ts from cce:/internal/x/prerequisite-imports as file:///Applications/Cocos/Creator/3.8.3/CocosCreator.app/Contents/Resources/resources/3d/engine/editor/assets/tools/debug-view-runtime-control.ts.
00:50:53 debug: Resolve file:///Users/zqlwmatt/project/cocos/PlaneFlight/assets/Scripts/Bg.ts from cce:/internal/x/prerequisite-imports as file:///Users/zqlwmatt/project/cocos/PlaneFlight/assets/Scripts/Bg.ts.
00:50:53 debug: Resolve file:///Users/zqlwmatt/project/cocos/PlaneFlight/assets/Scripts/Bullet.ts from cce:/internal/x/prerequisite-imports as file:///Users/zqlwmatt/project/cocos/PlaneFlight/assets/Scripts/Bullet.ts.
00:50:53 debug: Resolve file:///Users/zqlwmatt/project/cocos/PlaneFlight/assets/Scripts/Enemy.ts from cce:/internal/x/prerequisite-imports as file:///Users/zqlwmatt/project/cocos/PlaneFlight/assets/Scripts/Enemy.ts.
00:50:53 debug: Resolve file:///Users/zqlwmatt/project/cocos/PlaneFlight/assets/Scripts/EnemyManager.ts from cce:/internal/x/prerequisite-imports as file:///Users/zqlwmatt/project/cocos/PlaneFlight/assets/Scripts/EnemyManager.ts.
00:50:53 debug: Resolve file:///Users/zqlwmatt/project/cocos/PlaneFlight/assets/Scripts/GameManager.ts from cce:/internal/x/prerequisite-imports as file:///Users/zqlwmatt/project/cocos/PlaneFlight/assets/Scripts/GameManager.ts.
00:50:53 debug: Resolve file:///Users/zqlwmatt/project/cocos/PlaneFlight/assets/Scripts/Player.ts from cce:/internal/x/prerequisite-imports as file:///Users/zqlwmatt/project/cocos/PlaneFlight/assets/Scripts/Player.ts.
00:50:53 debug: Resolve file:///Users/zqlwmatt/project/cocos/PlaneFlight/assets/Scripts/Reward.ts from cce:/internal/x/prerequisite-imports as file:///Users/zqlwmatt/project/cocos/PlaneFlight/assets/Scripts/Reward.ts.
00:50:53 debug: Resolve file:///Users/zqlwmatt/project/cocos/PlaneFlight/assets/Scripts/StartUI.ts from cce:/internal/x/prerequisite-imports as file:///Users/zqlwmatt/project/cocos/PlaneFlight/assets/Scripts/StartUI.ts.
00:50:53 debug: Resolve file:///Users/zqlwmatt/project/cocos/PlaneFlight/assets/Scripts/UI/BombUI.ts from cce:/internal/x/prerequisite-imports as file:///Users/zqlwmatt/project/cocos/PlaneFlight/assets/Scripts/UI/BombUI.ts.
00:50:53 debug: Resolve file:///Users/zqlwmatt/project/cocos/PlaneFlight/assets/Scripts/UI/LifeCountUI.ts from cce:/internal/x/prerequisite-imports as file:///Users/zqlwmatt/project/cocos/PlaneFlight/assets/Scripts/UI/LifeCountUI.ts.
00:50:53 debug: Resolve file:///Users/zqlwmatt/project/cocos/PlaneFlight/assets/Scripts/UI/ScoreUI.ts from cce:/internal/x/prerequisite-imports as file:///Users/zqlwmatt/project/cocos/PlaneFlight/assets/Scripts/UI/ScoreUI.ts.
00:50:53 debug: Target(preview) ends with cost 39.37987494468689ms.
